<?xml version="1.0" ?>
<!DOCTYPE coverage SYSTEM "http://cobertura.sourceforge.net/xml/coverage-04.dtd">
<coverage lines-valid="255"  lines-covered="197"  line-rate="0.7725"  branches-valid="162"  branches-covered="104"  branch-rate="0.642"  timestamp="1491443852854" complexity="0" version="0.1">
<sources>
	<source>/Users/dverma/Library/Mobile Documents/com~apple~CloudDocs/Code/NODE/rabbitMessaging</source>
</sources>
<packages>
	<package name="rabbitMessaging"  line-rate="1"  branch-rate="1" >
	<classes>
		<class name="index.js"  filename="index.js"  line-rate="1"  branch-rate="1" >
		<methods>
		</methods>
		<lines>
			<line number="10"  hits="1"  branch="false" />
			<line number="11"  hits="1"  branch="false" />
			<line number="13"  hits="1"  branch="false" />
		</lines>
		</class>
	</classes>
	</package>
	<package name="rabbitMessaging.lib"  line-rate="0.7698"  branch-rate="0.642" >
	<classes>
		<class name="index.js"  filename="lib/index.js"  line-rate="0.7698"  branch-rate="0.642" >
		<methods>
			<method name="(anonymous_1)"  hits="5"  signature="()V" >
				<lines><line number="23"  hits="5" /></lines>
			</method>
			<method name="(anonymous_2)"  hits="13"  signature="()V" >
				<lines><line number="62"  hits="13" /></lines>
			</method>
			<method name="(anonymous_3)"  hits="13"  signature="()V" >
				<lines><line number="71"  hits="13" /></lines>
			</method>
			<method name="(anonymous_4)"  hits="18"  signature="()V" >
				<lines><line number="81"  hits="18" /></lines>
			</method>
			<method name="(anonymous_5)"  hits="1"  signature="()V" >
				<lines><line number="99"  hits="1" /></lines>
			</method>
			<method name="(anonymous_6)"  hits="1"  signature="()V" >
				<lines><line number="118"  hits="1" /></lines>
			</method>
			<method name="(anonymous_7)"  hits="1"  signature="()V" >
				<lines><line number="120"  hits="1" /></lines>
			</method>
			<method name="(anonymous_8)"  hits="1"  signature="()V" >
				<lines><line number="122"  hits="1" /></lines>
			</method>
			<method name="(anonymous_9)"  hits="0"  signature="()V" >
				<lines><line number="125"  hits="0" /></lines>
			</method>
			<method name="(anonymous_10)"  hits="1"  signature="()V" >
				<lines><line number="129"  hits="1" /></lines>
			</method>
			<method name="(anonymous_11)"  hits="0"  signature="()V" >
				<lines><line number="135"  hits="0" /></lines>
			</method>
			<method name="(anonymous_12)"  hits="2"  signature="()V" >
				<lines><line number="151"  hits="2" /></lines>
			</method>
			<method name="(anonymous_13)"  hits="2"  signature="()V" >
				<lines><line number="153"  hits="2" /></lines>
			</method>
			<method name="(anonymous_14)"  hits="1"  signature="()V" >
				<lines><line number="155"  hits="1" /></lines>
			</method>
			<method name="(anonymous_15)"  hits="0"  signature="()V" >
				<lines><line number="161"  hits="0" /></lines>
			</method>
			<method name="(anonymous_16)"  hits="0"  signature="()V" >
				<lines><line number="166"  hits="0" /></lines>
			</method>
			<method name="(anonymous_17)"  hits="1"  signature="()V" >
				<lines><line number="174"  hits="1" /></lines>
			</method>
			<method name="(anonymous_18)"  hits="1"  signature="()V" >
				<lines><line number="185"  hits="1" /></lines>
			</method>
			<method name="(anonymous_19)"  hits="0"  signature="()V" >
				<lines><line number="188"  hits="0" /></lines>
			</method>
			<method name="(anonymous_20)"  hits="4"  signature="()V" >
				<lines><line number="207"  hits="4" /></lines>
			</method>
			<method name="(anonymous_21)"  hits="1"  signature="()V" >
				<lines><line number="219"  hits="1" /></lines>
			</method>
			<method name="(anonymous_22)"  hits="0"  signature="()V" >
				<lines><line number="236"  hits="0" /></lines>
			</method>
			<method name="(anonymous_23)"  hits="0"  signature="()V" >
				<lines><line number="241"  hits="0" /></lines>
			</method>
			<method name="(anonymous_24)"  hits="0"  signature="()V" >
				<lines><line number="252"  hits="0" /></lines>
			</method>
			<method name="(anonymous_25)"  hits="4"  signature="()V" >
				<lines><line number="271"  hits="4" /></lines>
			</method>
			<method name="(anonymous_26)"  hits="4"  signature="()V" >
				<lines><line number="273"  hits="4" /></lines>
			</method>
			<method name="(anonymous_27)"  hits="3"  signature="()V" >
				<lines><line number="294"  hits="3" /></lines>
			</method>
			<method name="(anonymous_28)"  hits="0"  signature="()V" >
				<lines><line number="299"  hits="0" /></lines>
			</method>
			<method name="(anonymous_29)"  hits="5"  signature="()V" >
				<lines><line number="319"  hits="5" /></lines>
			</method>
			<method name="(anonymous_30)"  hits="5"  signature="()V" >
				<lines><line number="321"  hits="5" /></lines>
			</method>
			<method name="(anonymous_31)"  hits="4"  signature="()V" >
				<lines><line number="360"  hits="4" /></lines>
			</method>
			<method name="(anonymous_32)"  hits="4"  signature="()V" >
				<lines><line number="369"  hits="4" /></lines>
			</method>
			<method name="maybeAnswer"  hits="4"  signature="()V" >
				<lines><line number="376"  hits="4" /></lines>
			</method>
			<method name="(anonymous_34)"  hits="1"  signature="()V" >
				<lines><line number="379"  hits="1" /></lines>
			</method>
			<method name="(anonymous_35)"  hits="1"  signature="()V" >
				<lines><line number="383"  hits="1" /></lines>
			</method>
			<method name="(anonymous_36)"  hits="0"  signature="()V" >
				<lines><line number="386"  hits="0" /></lines>
			</method>
			<method name="(anonymous_37)"  hits="4"  signature="()V" >
				<lines><line number="401"  hits="4" /></lines>
			</method>
			<method name="(anonymous_38)"  hits="4"  signature="()V" >
				<lines><line number="405"  hits="4" /></lines>
			</method>
			<method name="(anonymous_39)"  hits="0"  signature="()V" >
				<lines><line number="410"  hits="0" /></lines>
			</method>
			<method name="(anonymous_40)"  hits="3"  signature="()V" >
				<lines><line number="430"  hits="3" /></lines>
			</method>
			<method name="(anonymous_41)"  hits="3"  signature="()V" >
				<lines><line number="432"  hits="3" /></lines>
			</method>
			<method name="(anonymous_42)"  hits="2"  signature="()V" >
				<lines><line number="460"  hits="2" /></lines>
			</method>
			<method name="thisPayload"  hits="7"  signature="()V" >
				<lines><line number="464"  hits="7" /></lines>
			</method>
			<method name="reply"  hits="7"  signature="()V" >
				<lines><line number="469"  hits="7" /></lines>
			</method>
			<method name="(anonymous_45)"  hits="2"  signature="()V" >
				<lines><line number="520"  hits="2" /></lines>
			</method>
			<method name="(anonymous_46)"  hits="0"  signature="()V" >
				<lines><line number="523"  hits="0" /></lines>
			</method>
			<method name="(anonymous_47)"  hits="1"  signature="()V" >
				<lines><line number="544"  hits="1" /></lines>
			</method>
			<method name="(anonymous_48)"  hits="1"  signature="()V" >
				<lines><line number="546"  hits="1" /></lines>
			</method>
			<method name="logMessage"  hits="2"  signature="()V" >
				<lines><line number="570"  hits="2" /></lines>
			</method>
			<method name="(anonymous_50)"  hits="0"  signature="()V" >
				<lines><line number="574"  hits="0" /></lines>
			</method>
			<method name="(anonymous_51)"  hits="0"  signature="()V" >
				<lines><line number="577"  hits="0" /></lines>
			</method>
			<method name="(anonymous_52)"  hits="0"  signature="()V" >
				<lines><line number="580"  hits="0" /></lines>
			</method>
			<method name="(anonymous_53)"  hits="1"  signature="()V" >
				<lines><line number="589"  hits="1" /></lines>
			</method>
			<method name="(anonymous_54)"  hits="1"  signature="()V" >
				<lines><line number="593"  hits="1" /></lines>
			</method>
			<method name="(anonymous_55)"  hits="1"  signature="()V" >
				<lines><line number="596"  hits="1" /></lines>
			</method>
			<method name="(anonymous_56)"  hits="1"  signature="()V" >
				<lines><line number="601"  hits="1" /></lines>
			</method>
			<method name="(anonymous_57)"  hits="1"  signature="()V" >
				<lines><line number="605"  hits="1" /></lines>
			</method>
			<method name="(anonymous_58)"  hits="2"  signature="()V" >
				<lines><line number="616"  hits="2" /></lines>
			</method>
			<method name="(anonymous_59)"  hits="2"  signature="()V" >
				<lines><line number="618"  hits="2" /></lines>
			</method>
			<method name="(anonymous_60)"  hits="2"  signature="()V" >
				<lines><line number="636"  hits="2" /></lines>
			</method>
			<method name="(anonymous_61)"  hits="2"  signature="()V" >
				<lines><line number="649"  hits="2" /></lines>
			</method>
			<method name="(anonymous_62)"  hits="2"  signature="()V" >
				<lines><line number="651"  hits="2" /></lines>
			</method>
			<method name="(anonymous_63)"  hits="2"  signature="()V" >
				<lines><line number="676"  hits="2" /></lines>
			</method>
			<method name="(anonymous_64)"  hits="0"  signature="()V" >
				<lines><line number="680"  hits="0" /></lines>
			</method>
		</methods>
		<lines>
			<line number="10"  hits="1"  branch="false" />
			<line number="11"  hits="1"  branch="false" />
			<line number="12"  hits="1"  branch="false" />
			<line number="13"  hits="1"  branch="false" />
			<line number="14"  hits="1"  branch="false" />
			<line number="15"  hits="1"  branch="false" />
			<line number="24"  hits="5"  branch="true"  condition-coverage="100% (2/2)" />
			<line number="27"  hits="5"  branch="true"  condition-coverage="100% (2/2)" />
			<line number="28"  hits="5"  branch="true"  condition-coverage="50% (1/2)" />
			<line number="29"  hits="5"  branch="true"  condition-coverage="50% (1/2)" />
			<line number="30"  hits="5"  branch="true"  condition-coverage="100% (2/2)" />
			<line number="31"  hits="5"  branch="true"  condition-coverage="100% (2/2)" />
			<line number="32"  hits="5"  branch="false" />
			<line number="33"  hits="5"  branch="true"  condition-coverage="50% (1/2)" />
			<line number="34"  hits="5"  branch="true"  condition-coverage="50% (1/2)" />
			<line number="35"  hits="5"  branch="true"  condition-coverage="100% (2/2)" />
			<line number="36"  hits="5"  branch="true"  condition-coverage="100% (2/2)" />
			<line number="37"  hits="5"  branch="true"  condition-coverage="50% (1/2)" />
			<line number="38"  hits="5"  branch="false" />
			<line number="39"  hits="5"  branch="false" />
			<line number="43"  hits="5"  branch="true"  condition-coverage="50% (1/2)" />
			<line number="51"  hits="5"  branch="false" />
			<line number="52"  hits="5"  branch="false" />
			<line number="54"  hits="5"  branch="false" />
			<line number="63"  hits="13"  branch="false" />
			<line number="72"  hits="13"  branch="false" />
			<line number="82"  hits="18"  branch="true"  condition-coverage="100% (2/2)" />
			<line number="84"  hits="18"  branch="true"  condition-coverage="100% (4/4)" />
			<line number="85"  hits="4"  branch="false" />
			<line number="88"  hits="18"  branch="true"  condition-coverage="100% (2/2)" />
			<line number="89"  hits="14"  branch="false" />
			<line number="92"  hits="18"  branch="false" />
			<line number="100"  hits="1"  branch="false" />
			<line number="101"  hits="1"  branch="true"  condition-coverage="50% (1/2)" />
			<line number="102"  hits="0"  branch="false" />
			<line number="105"  hits="1"  branch="false" />
			<line number="106"  hits="1"  branch="false" />
			<line number="107"  hits="1"  branch="false" />
			<line number="110"  hits="0"  branch="false" />
			<line number="119"  hits="1"  branch="false" />
			<line number="120"  hits="1"  branch="false" />
			<line number="121"  hits="1"  branch="false" />
			<line number="123"  hits="1"  branch="false" />
			<line number="124"  hits="1"  branch="false" />
			<line number="125"  hits="1"  branch="false" />
			<line number="126"  hits="0"  branch="true"  condition-coverage="0% (0/2)" />
			<line number="127"  hits="0"  branch="false" />
			<line number="129"  hits="1"  branch="false" />
			<line number="130"  hits="1"  branch="true"  condition-coverage="100% (2/2)" />
			<line number="131"  hits="1"  branch="false" />
			<line number="133"  hits="1"  branch="false" />
			<line number="137"  hits="0"  branch="false" />
			<line number="138"  hits="0"  branch="false" />
			<line number="152"  hits="2"  branch="false" />
			<line number="153"  hits="2"  branch="false" />
			<line number="154"  hits="2"  branch="false" />
			<line number="156"  hits="1"  branch="false" />
			<line number="158"  hits="1"  branch="false" />
			<line number="159"  hits="1"  branch="false" />
			<line number="161"  hits="1"  branch="false" />
			<line number="162"  hits="0"  branch="false" />
			<line number="166"  hits="1"  branch="false" />
			<line number="167"  hits="0"  branch="false" />
			<line number="168"  hits="0"  branch="false" />
			<line number="169"  hits="0"  branch="false" />
			<line number="174"  hits="1"  branch="false" />
			<line number="175"  hits="1"  branch="true"  condition-coverage="100% (2/2)" />
			<line number="176"  hits="1"  branch="false" />
			<line number="179"  hits="1"  branch="false" />
			<line number="180"  hits="1"  branch="false" />
			<line number="183"  hits="1"  branch="false" />
			<line number="186"  hits="1"  branch="false" />
			<line number="189"  hits="0"  branch="false" />
			<line number="190"  hits="0"  branch="false" />
			<line number="208"  hits="4"  branch="false" />
			<line number="209"  hits="4"  branch="false" />
			<line number="210"  hits="4"  branch="false" />
			<line number="211"  hits="4"  branch="false" />
			<line number="212"  hits="4"  branch="false" />
			<line number="220"  hits="1"  branch="false" />
			<line number="222"  hits="1"  branch="false" />
			<line number="224"  hits="1"  branch="false" />
			<line number="225"  hits="1"  branch="true"  condition-coverage="50% (1/2)" />
			<line number="226"  hits="0"  branch="false" />
			<line number="227"  hits="0"  branch="false" />
			<line number="231"  hits="0"  branch="false" />
			<line number="234"  hits="1"  branch="false" />
			<line number="236"  hits="1"  branch="false" />
			<line number="238"  hits="0"  branch="false" />
			<line number="240"  hits="0"  branch="false" />
			<line number="244"  hits="0"  branch="false" />
			<line number="246"  hits="0"  branch="true"  condition-coverage="0% (0/4)" />
			<line number="247"  hits="0"  branch="false" />
			<line number="249"  hits="0"  branch="false" />
			<line number="253"  hits="0"  branch="false" />
			<line number="254"  hits="0"  branch="true"  condition-coverage="0% (0/2)" />
			<line number="255"  hits="0"  branch="false" />
			<line number="258"  hits="0"  branch="false" />
			<line number="272"  hits="4"  branch="false" />
			<line number="273"  hits="4"  branch="false" />
			<line number="274"  hits="4"  branch="false" />
			<line number="275"  hits="4"  branch="false" />
			<line number="278"  hits="4"  branch="true"  condition-coverage="100% (2/2)" />
			<line number="279"  hits="1"  branch="false" />
			<line number="286"  hits="3"  branch="true"  condition-coverage="50% (1/2)" />
			<line number="287"  hits="0"  branch="false" />
			<line number="290"  hits="3"  branch="true"  condition-coverage="50% (2/4)" />
			<line number="292"  hits="3"  branch="false" />
			<line number="294"  hits="3"  branch="false" />
			<line number="295"  hits="3"  branch="false" />
			<line number="296"  hits="3"  branch="false" />
			<line number="297"  hits="3"  branch="false" />
			<line number="300"  hits="0"  branch="false" />
			<line number="302"  hits="0"  branch="false" />
			<line number="303"  hits="0"  branch="false" />
			<line number="320"  hits="5"  branch="false" />
			<line number="321"  hits="5"  branch="false" />
			<line number="322"  hits="5"  branch="false" />
			<line number="323"  hits="5"  branch="false" />
			<line number="324"  hits="5"  branch="true"  condition-coverage="100% (2/2)" />
			<line number="325"  hits="5"  branch="false" />
			<line number="329"  hits="5"  branch="false" />
			<line number="331"  hits="5"  branch="true"  condition-coverage="50% (1/2)" />
			<line number="332"  hits="5"  branch="false" />
			<line number="334"  hits="5"  branch="false" />
			<line number="335"  hits="5"  branch="false" />
			<line number="338"  hits="5"  branch="true"  condition-coverage="100% (2/2)" />
			<line number="339"  hits="1"  branch="false" />
			<line number="346"  hits="4"  branch="true"  condition-coverage="50% (1/2)" />
			<line number="347"  hits="0"  branch="false" />
			<line number="350"  hits="4"  branch="false" />
			<line number="367"  hits="4"  branch="false" />
			<line number="374"  hits="4"  branch="false" />
			<line number="376"  hits="1"  branch="false" />
			<line number="377"  hits="4"  branch="true"  condition-coverage="50% (1/2)" />
			<line number="379"  hits="4"  branch="false" />
			<line number="381"  hits="1"  branch="true"  condition-coverage="50% (1/2)" />
			<line number="382"  hits="1"  branch="false" />
			<line number="384"  hits="1"  branch="false" />
			<line number="387"  hits="0"  branch="false" />
			<line number="391"  hits="4"  branch="false" />
			<line number="393"  hits="4"  branch="true"  condition-coverage="100% (2/2)" />
			<line number="394"  hits="1"  branch="false" />
			<line number="395"  hits="1"  branch="false" />
			<line number="396"  hits="1"  branch="false" />
			<line number="398"  hits="3"  branch="false" />
			<line number="401"  hits="4"  branch="false" />
			<line number="402"  hits="4"  branch="false" />
			<line number="403"  hits="4"  branch="false" />
			<line number="404"  hits="4"  branch="false" />
			<line number="406"  hits="4"  branch="false" />
			<line number="411"  hits="0"  branch="false" />
			<line number="413"  hits="0"  branch="false" />
			<line number="414"  hits="0"  branch="false" />
			<line number="431"  hits="3"  branch="false" />
			<line number="432"  hits="3"  branch="false" />
			<line number="433"  hits="3"  branch="false" />
			<line number="435"  hits="3"  branch="false" />
			<line number="437"  hits="3"  branch="false" />
			<line number="444"  hits="3"  branch="true"  condition-coverage="100% (2/2)" />
			<line number="445"  hits="1"  branch="false" />
			<line number="452"  hits="2"  branch="true"  condition-coverage="50% (1/2)" />
			<line number="453"  hits="0"  branch="false" />
			<line number="456"  hits="2"  branch="true"  condition-coverage="50% (2/4)" />
			<line number="458"  hits="2"  branch="false" />
			<line number="460"  hits="2"  branch="false" />
			<line number="462"  hits="2"  branch="false" />
			<line number="464"  hits="1"  branch="false" />
			<line number="465"  hits="7"  branch="false" />
			<line number="466"  hits="7"  branch="false" />
			<line number="469"  hits="1"  branch="false" />
			<line number="470"  hits="7"  branch="false" />
			<line number="473"  hits="7"  branch="true"  condition-coverage="100% (2/2)" />
			<line number="474"  hits="2"  branch="true"  condition-coverage="75% (3/4)" />
			<line number="475"  hits="0"  branch="false" />
			<line number="476"  hits="0"  branch="false" />
			<line number="479"  hits="0"  branch="false" />
			<line number="480"  hits="0"  branch="false" />
			<line number="482"  hits="2"  branch="false" />
			<line number="495"  hits="2"  branch="false" />
			<line number="497"  hits="2"  branch="true"  condition-coverage="50% (1/2)" />
			<line number="498"  hits="0"  branch="false" />
			<line number="501"  hits="5"  branch="true"  condition-coverage="50% (1/2)" />
			<line number="504"  hits="7"  branch="true"  condition-coverage="100% (2/2)" />
			<line number="505"  hits="4"  branch="false" />
			<line number="508"  hits="7"  branch="false" />
			<line number="509"  hits="7"  branch="false" />
			<line number="510"  hits="7"  branch="false" />
			<line number="513"  hits="0"  branch="false" />
			<line number="518"  hits="2"  branch="false" />
			<line number="521"  hits="2"  branch="false" />
			<line number="524"  hits="0"  branch="false" />
			<line number="525"  hits="0"  branch="false" />
			<line number="527"  hits="0"  branch="false" />
			<line number="528"  hits="0"  branch="false" />
			<line number="545"  hits="1"  branch="false" />
			<line number="546"  hits="1"  branch="false" />
			<line number="547"  hits="1"  branch="false" />
			<line number="548"  hits="1"  branch="true"  condition-coverage="50% (1/2)" />
			<line number="549"  hits="1"  branch="false" />
			<line number="553"  hits="1"  branch="false" />
			<line number="555"  hits="1"  branch="true"  condition-coverage="50% (1/2)" />
			<line number="556"  hits="0"  branch="false" />
			<line number="558"  hits="1"  branch="true"  condition-coverage="50% (1/2)" />
			<line number="559"  hits="0"  branch="false" />
			<line number="566"  hits="1"  branch="true"  condition-coverage="50% (1/2)" />
			<line number="567"  hits="0"  branch="false" />
			<line number="570"  hits="1"  branch="false" />
			<line number="571"  hits="2"  branch="false" />
			<line number="572"  hits="2"  branch="false" />
			<line number="574"  hits="1"  branch="false" />
			<line number="576"  hits="0"  branch="false" />
			<line number="578"  hits="0"  branch="false" />
			<line number="581"  hits="0"  branch="false" />
			<line number="586"  hits="1"  branch="true"  condition-coverage="50% (2/4)" />
			<line number="589"  hits="1"  branch="false" />
			<line number="590"  hits="1"  branch="true"  condition-coverage="50% (1/2)" />
			<line number="593"  hits="1"  branch="false" />
			<line number="595"  hits="1"  branch="true"  condition-coverage="50% (1/2)" />
			<line number="597"  hits="1"  branch="false" />
			<line number="601"  hits="1"  branch="false" />
			<line number="602"  hits="1"  branch="false" />
			<line number="605"  hits="1"  branch="false" />
			<line number="606"  hits="1"  branch="false" />
			<line number="617"  hits="2"  branch="false" />
			<line number="618"  hits="2"  branch="false" />
			<line number="619"  hits="2"  branch="false" />
			<line number="620"  hits="2"  branch="true"  condition-coverage="50% (1/2)" />
			<line number="621"  hits="0"  branch="false" />
			<line number="624"  hits="2"  branch="true"  condition-coverage="50% (1/2)" />
			<line number="625"  hits="0"  branch="false" />
			<line number="632"  hits="2"  branch="true"  condition-coverage="50% (1/2)" />
			<line number="633"  hits="0"  branch="false" />
			<line number="635"  hits="2"  branch="true"  condition-coverage="50% (2/4)" />
			<line number="636"  hits="2"  branch="false" />
			<line number="637"  hits="2"  branch="true"  condition-coverage="50% (2/4)" />
			<line number="638"  hits="2"  branch="false" />
			<line number="639"  hits="2"  branch="false" />
			<line number="650"  hits="2"  branch="false" />
			<line number="651"  hits="2"  branch="false" />
			<line number="652"  hits="2"  branch="true"  condition-coverage="50% (1/2)" />
			<line number="653"  hits="2"  branch="true"  condition-coverage="50% (1/2)" />
			<line number="655"  hits="2"  branch="true"  condition-coverage="50% (1/2)" />
			<line number="656"  hits="0"  branch="false" />
			<line number="664"  hits="2"  branch="true"  condition-coverage="50% (1/2)" />
			<line number="665"  hits="0"  branch="false" />
			<line number="672"  hits="2"  branch="false" />
			<line number="677"  hits="2"  branch="false" />
			<line number="678"  hits="2"  branch="false" />
			<line number="681"  hits="0"  branch="false" />
			<line number="682"  hits="0"  branch="false" />
			<line number="731"  hits="1"  branch="false" />
		</lines>
		</class>
	</classes>
	</package>
</packages>
</coverage>
