{"/Users/dverma/Library/Mobile Documents/com~apple~CloudDocs/Code/NODE/rabbitMessaging/index.js":{"path":"/Users/dverma/Library/Mobile Documents/com~apple~CloudDocs/Code/NODE/rabbitMessaging/index.js","s":{"1":1,"2":1,"3":1},"b":{},"f":{},"fnMap":{},"statementMap":{"1":{"start":{"line":10,"column":0},"end":{"line":10,"column":36}},"2":{"start":{"line":11,"column":0},"end":{"line":11,"column":55}},"3":{"start":{"line":13,"column":0},"end":{"line":13,"column":28}}},"branchMap":{}},"/Users/dverma/Library/Mobile Documents/com~apple~CloudDocs/Code/NODE/rabbitMessaging/lib/index.js":{"path":"/Users/dverma/Library/Mobile Documents/com~apple~CloudDocs/Code/NODE/rabbitMessaging/lib/index.js","s":{"1":1,"2":1,"3":1,"4":1,"5":1,"6":1,"7":5,"8":5,"9":5,"10":5,"11":5,"12":5,"13":5,"14":5,"15":5,"16":5,"17":5,"18":5,"19":5,"20":5,"21":5,"22":5,"23":5,"24":5,"25":13,"26":13,"27":18,"28":18,"29":4,"30":18,"31":14,"32":18,"33":1,"34":1,"35":0,"36":1,"37":1,"38":1,"39":0,"40":1,"41":1,"42":1,"43":1,"44":1,"45":1,"46":0,"47":0,"48":1,"49":1,"50":1,"51":1,"52":0,"53":0,"54":2,"55":2,"56":2,"57":1,"58":1,"59":1,"60":1,"61":0,"62":1,"63":0,"64":0,"65":0,"66":1,"67":1,"68":1,"69":1,"70":1,"71":1,"72":1,"73":0,"74":0,"75":4,"76":4,"77":4,"78":4,"79":4,"80":1,"81":1,"82":1,"83":1,"84":0,"85":0,"86":0,"87":1,"88":1,"89":0,"90":0,"91":0,"92":0,"93":0,"94":0,"95":0,"96":0,"97":0,"98":0,"99":4,"100":4,"101":4,"102":4,"103":4,"104":1,"105":3,"106":0,"107":3,"108":3,"109":3,"110":3,"111":3,"112":3,"113":0,"114":0,"115":0,"116":5,"117":5,"118":5,"119":5,"120":5,"121":5,"122":5,"123":5,"124":5,"125":5,"126":5,"127":5,"128":1,"129":4,"130":0,"131":4,"132":4,"133":4,"134":1,"135":4,"136":4,"137":1,"138":1,"139":1,"140":0,"141":4,"142":4,"143":1,"144":1,"145":1,"146":3,"147":4,"148":4,"149":4,"150":4,"151":4,"152":0,"153":0,"154":0,"155":3,"156":3,"157":3,"158":3,"159":3,"160":3,"161":1,"162":2,"163":0,"164":2,"165":2,"166":2,"167":2,"168":1,"169":7,"170":7,"171":1,"172":7,"173":7,"174":2,"175":0,"176":0,"177":0,"178":0,"179":2,"180":2,"181":2,"182":0,"183":5,"184":7,"185":4,"186":7,"187":7,"188":7,"189":0,"190":2,"191":2,"192":0,"193":0,"194":0,"195":0,"196":1,"197":1,"198":1,"199":1,"200":1,"201":1,"202":1,"203":0,"204":1,"205":0,"206":1,"207":0,"208":1,"209":2,"210":2,"211":1,"212":0,"213":0,"214":0,"215":1,"216":1,"217":1,"218":1,"219":1,"220":1,"221":1,"222":1,"223":1,"224":1,"225":2,"226":2,"227":2,"228":2,"229":0,"230":2,"231":0,"232":2,"233":0,"234":2,"235":2,"236":2,"237":2,"238":2,"239":2,"240":2,"241":2,"242":2,"243":2,"244":0,"245":2,"246":0,"247":2,"248":2,"249":2,"250":0,"251":0,"252":1},"b":{"1":[5,4],"2":[1,4],"3":[0,5],"4":[0,5],"5":[5,5],"6":[5,4],"7":[0,5],"8":[0,5],"9":[1,4],"10":[1,4],"11":[0,5],"12":[0,5],"13":[0,0],"14":[0,0],"15":[0,0],"16":[0,0],"17":[18,18],"18":[4,14],"19":[18,18],"20":[14,4],"21":[0,1],"22":[0,0],"23":[1,1],"24":[1,1],"25":[0,1],"26":[0,0],"27":[0,0],"28":[0,0],"29":[1,3],"30":[0,3],"31":[3,0],"32":[3,0],"33":[1,4],"34":[5,0],"35":[1,4],"36":[0,4],"37":[4,4],"38":[4,4],"39":[4,4],"40":[4,0],"41":[1,0],"42":[1,3],"43":[3,3],"44":[3,3],"45":[3,3],"46":[3,3],"47":[1,2],"48":[0,2],"49":[2,0],"50":[2,0],"51":[2,5],"52":[0,2],"53":[2,2],"54":[2,2],"55":[2,2],"56":[2,2],"57":[2,2],"58":[0,2],"59":[5,0],"60":[4,3],"61":[0,1],"62":[0,1],"63":[0,1],"64":[0,1],"65":[1,0],"66":[1,0],"67":[0,1],"68":[1,0],"69":[0,2],"70":[0,2],"71":[0,2],"72":[2,0],"73":[2,0],"74":[2,0],"75":[2,0],"76":[2,0],"77":[2,0],"78":[0,2],"79":[0,2],"80":[2,0],"81":[2,0]},"f":{"1":5,"2":13,"3":13,"4":18,"5":1,"6":1,"7":1,"8":1,"9":0,"10":1,"11":0,"12":2,"13":2,"14":1,"15":0,"16":0,"17":1,"18":1,"19":0,"20":4,"21":1,"22":0,"23":0,"24":0,"25":4,"26":4,"27":3,"28":0,"29":5,"30":5,"31":4,"32":4,"33":4,"34":1,"35":1,"36":0,"37":4,"38":4,"39":0,"40":3,"41":3,"42":2,"43":7,"44":7,"45":2,"46":0,"47":1,"48":1,"49":2,"50":0,"51":0,"52":0,"53":1,"54":1,"55":1,"56":1,"57":1,"58":2,"59":2,"60":2,"61":2,"62":2,"63":2,"64":0},"fnMap":{"1":{"name":"(anonymous_1)","line":23,"loc":{"start":{"line":23,"column":12},"end":{"line":23,"column":22}}},"2":{"name":"(anonymous_2)","line":62,"loc":{"start":{"line":62,"column":11},"end":{"line":62,"column":21}}},"3":{"name":"(anonymous_3)","line":71,"loc":{"start":{"line":71,"column":13},"end":{"line":71,"column":23}}},"4":{"name":"(anonymous_4)","line":81,"loc":{"start":{"line":81,"column":4},"end":{"line":81,"column":35}}},"5":{"name":"(anonymous_5)","line":99,"loc":{"start":{"line":99,"column":16},"end":{"line":99,"column":19}}},"6":{"name":"(anonymous_6)","line":118,"loc":{"start":{"line":118,"column":14},"end":{"line":118,"column":17}}},"7":{"name":"(anonymous_7)","line":120,"loc":{"start":{"line":120,"column":21},"end":{"line":120,"column":45}}},"8":{"name":"(anonymous_8)","line":122,"loc":{"start":{"line":122,"column":10},"end":{"line":122,"column":23}}},"9":{"name":"(anonymous_9)","line":125,"loc":{"start":{"line":125,"column":25},"end":{"line":125,"column":39}}},"10":{"name":"(anonymous_10)","line":129,"loc":{"start":{"line":129,"column":25},"end":{"line":129,"column":39}}},"11":{"name":"(anonymous_11)","line":135,"loc":{"start":{"line":135,"column":11},"end":{"line":135,"column":25}}},"12":{"name":"(anonymous_12)","line":151,"loc":{"start":{"line":151,"column":13},"end":{"line":151,"column":16}}},"13":{"name":"(anonymous_13)","line":153,"loc":{"start":{"line":153,"column":21},"end":{"line":153,"column":45}}},"14":{"name":"(anonymous_14)","line":155,"loc":{"start":{"line":155,"column":10},"end":{"line":155,"column":25}}},"15":{"name":"(anonymous_15)","line":161,"loc":{"start":{"line":161,"column":27},"end":{"line":161,"column":41}}},"16":{"name":"(anonymous_16)","line":166,"loc":{"start":{"line":166,"column":29},"end":{"line":166,"column":46}}},"17":{"name":"(anonymous_17)","line":174,"loc":{"start":{"line":174,"column":27},"end":{"line":174,"column":41}}},"18":{"name":"(anonymous_18)","line":185,"loc":{"start":{"line":185,"column":10},"end":{"line":185,"column":27}}},"19":{"name":"(anonymous_19)","line":188,"loc":{"start":{"line":188,"column":11},"end":{"line":188,"column":25}}},"20":{"name":"(anonymous_20)","line":207,"loc":{"start":{"line":207,"column":22},"end":{"line":207,"column":40}}},"21":{"name":"(anonymous_21)","line":219,"loc":{"start":{"line":219,"column":12},"end":{"line":219,"column":15}}},"22":{"name":"(anonymous_22)","line":236,"loc":{"start":{"line":236,"column":13},"end":{"line":236,"column":24}}},"23":{"name":"(anonymous_23)","line":241,"loc":{"start":{"line":241,"column":10},"end":{"line":241,"column":21}}},"24":{"name":"(anonymous_24)","line":252,"loc":{"start":{"line":252,"column":11},"end":{"line":252,"column":25}}},"25":{"name":"(anonymous_25)","line":271,"loc":{"start":{"line":271,"column":5},"end":{"line":271,"column":28}}},"26":{"name":"(anonymous_26)","line":273,"loc":{"start":{"line":273,"column":21},"end":{"line":273,"column":45}}},"27":{"name":"(anonymous_27)","line":294,"loc":{"start":{"line":294,"column":11},"end":{"line":294,"column":22}}},"28":{"name":"(anonymous_28)","line":299,"loc":{"start":{"line":299,"column":11},"end":{"line":299,"column":25}}},"29":{"name":"(anonymous_29)","line":319,"loc":{"start":{"line":319,"column":4},"end":{"line":319,"column":27}}},"30":{"name":"(anonymous_30)","line":321,"loc":{"start":{"line":321,"column":21},"end":{"line":321,"column":45}}},"31":{"name":"(anonymous_31)","line":360,"loc":{"start":{"line":360,"column":10},"end":{"line":360,"column":21}}},"32":{"name":"(anonymous_32)","line":369,"loc":{"start":{"line":369,"column":10},"end":{"line":369,"column":28}}},"33":{"name":"maybeAnswer","line":376,"loc":{"start":{"line":376,"column":5},"end":{"line":376,"column":31}}},"34":{"name":"(anonymous_34)","line":379,"loc":{"start":{"line":379,"column":28},"end":{"line":379,"column":39}}},"35":{"name":"(anonymous_35)","line":383,"loc":{"start":{"line":383,"column":16},"end":{"line":383,"column":27}}},"36":{"name":"(anonymous_36)","line":386,"loc":{"start":{"line":386,"column":17},"end":{"line":386,"column":31}}},"37":{"name":"(anonymous_37)","line":401,"loc":{"start":{"line":401,"column":18},"end":{"line":401,"column":34}}},"38":{"name":"(anonymous_38)","line":405,"loc":{"start":{"line":405,"column":13},"end":{"line":405,"column":24}}},"39":{"name":"(anonymous_39)","line":410,"loc":{"start":{"line":410,"column":11},"end":{"line":410,"column":25}}},"40":{"name":"(anonymous_40)","line":430,"loc":{"start":{"line":430,"column":7},"end":{"line":430,"column":34}}},"41":{"name":"(anonymous_41)","line":432,"loc":{"start":{"line":432,"column":21},"end":{"line":432,"column":45}}},"42":{"name":"(anonymous_42)","line":460,"loc":{"start":{"line":460,"column":16},"end":{"line":460,"column":27}}},"43":{"name":"thisPayload","line":464,"loc":{"start":{"line":464,"column":4},"end":{"line":464,"column":30}}},"44":{"name":"reply","line":469,"loc":{"start":{"line":469,"column":5},"end":{"line":469,"column":48}}},"45":{"name":"(anonymous_45)","line":520,"loc":{"start":{"line":520,"column":10},"end":{"line":520,"column":21}}},"46":{"name":"(anonymous_46)","line":523,"loc":{"start":{"line":523,"column":11},"end":{"line":523,"column":25}}},"47":{"name":"(anonymous_47)","line":544,"loc":{"start":{"line":544,"column":10},"end":{"line":544,"column":36}}},"48":{"name":"(anonymous_48)","line":546,"loc":{"start":{"line":546,"column":21},"end":{"line":546,"column":45}}},"49":{"name":"logMessage","line":570,"loc":{"start":{"line":570,"column":3},"end":{"line":570,"column":28}}},"50":{"name":"(anonymous_50)","line":574,"loc":{"start":{"line":574,"column":15},"end":{"line":574,"column":26}}},"51":{"name":"(anonymous_51)","line":577,"loc":{"start":{"line":577,"column":12},"end":{"line":577,"column":23}}},"52":{"name":"(anonymous_52)","line":580,"loc":{"start":{"line":580,"column":13},"end":{"line":580,"column":27}}},"53":{"name":"(anonymous_53)","line":589,"loc":{"start":{"line":589,"column":16},"end":{"line":589,"column":27}}},"54":{"name":"(anonymous_54)","line":593,"loc":{"start":{"line":593,"column":16},"end":{"line":593,"column":30}}},"55":{"name":"(anonymous_55)","line":596,"loc":{"start":{"line":596,"column":11},"end":{"line":596,"column":22}}},"56":{"name":"(anonymous_56)","line":601,"loc":{"start":{"line":601,"column":16},"end":{"line":601,"column":32}}},"57":{"name":"(anonymous_57)","line":605,"loc":{"start":{"line":605,"column":18},"end":{"line":605,"column":29}}},"58":{"name":"(anonymous_58)","line":616,"loc":{"start":{"line":616,"column":8},"end":{"line":616,"column":23}}},"59":{"name":"(anonymous_59)","line":618,"loc":{"start":{"line":618,"column":21},"end":{"line":618,"column":45}}},"60":{"name":"(anonymous_60)","line":636,"loc":{"start":{"line":636,"column":11},"end":{"line":636,"column":22}}},"61":{"name":"(anonymous_61)","line":649,"loc":{"start":{"line":649,"column":15},"end":{"line":649,"column":50}}},"62":{"name":"(anonymous_62)","line":651,"loc":{"start":{"line":651,"column":21},"end":{"line":651,"column":45}}},"63":{"name":"(anonymous_63)","line":676,"loc":{"start":{"line":676,"column":10},"end":{"line":676,"column":25}}},"64":{"name":"(anonymous_64)","line":680,"loc":{"start":{"line":680,"column":11},"end":{"line":680,"column":25}}}},"statementMap":{"1":{"start":{"line":10,"column":0},"end":{"line":10,"column":32}},"2":{"start":{"line":11,"column":0},"end":{"line":11,"column":29}},"3":{"start":{"line":12,"column":0},"end":{"line":12,"column":31}},"4":{"start":{"line":13,"column":0},"end":{"line":13,"column":33}},"5":{"start":{"line":14,"column":0},"end":{"line":14,"column":34}},"6":{"start":{"line":15,"column":0},"end":{"line":15,"column":25}},"7":{"start":{"line":24,"column":2},"end":{"line":24,"column":26}},"8":{"start":{"line":27,"column":2},"end":{"line":27,"column":49}},"9":{"start":{"line":28,"column":2},"end":{"line":28,"column":61}},"10":{"start":{"line":29,"column":2},"end":{"line":29,"column":62}},"11":{"start":{"line":30,"column":2},"end":{"line":30,"column":60}},"12":{"start":{"line":31,"column":2},"end":{"line":31,"column":38}},"13":{"start":{"line":32,"column":2},"end":{"line":32,"column":20}},"14":{"start":{"line":33,"column":2},"end":{"line":33,"column":61}},"15":{"start":{"line":34,"column":2},"end":{"line":34,"column":73}},"16":{"start":{"line":35,"column":2},"end":{"line":35,"column":64}},"17":{"start":{"line":36,"column":2},"end":{"line":36,"column":73}},"18":{"start":{"line":37,"column":2},"end":{"line":37,"column":55}},"19":{"start":{"line":38,"column":2},"end":{"line":38,"column":18}},"20":{"start":{"line":39,"column":2},"end":{"line":39,"column":13}},"21":{"start":{"line":43,"column":2},"end":{"line":49,"column":17}},"22":{"start":{"line":51,"column":2},"end":{"line":51,"column":47}},"23":{"start":{"line":52,"column":2},"end":{"line":52,"column":91}},"24":{"start":{"line":54,"column":2},"end":{"line":54,"column":14}},"25":{"start":{"line":63,"column":2},"end":{"line":63,"column":45}},"26":{"start":{"line":72,"column":2},"end":{"line":72,"column":49}},"27":{"start":{"line":82,"column":2},"end":{"line":82,"column":38}},"28":{"start":{"line":84,"column":2},"end":{"line":86,"column":3}},"29":{"start":{"line":85,"column":3},"end":{"line":85,"column":61}},"30":{"start":{"line":88,"column":2},"end":{"line":90,"column":3}},"31":{"start":{"line":89,"column":3},"end":{"line":89,"column":43}},"32":{"start":{"line":92,"column":2},"end":{"line":92,"column":23}},"33":{"start":{"line":100,"column":2},"end":{"line":100,"column":20}},"34":{"start":{"line":101,"column":2},"end":{"line":103,"column":3}},"35":{"start":{"line":102,"column":3},"end":{"line":102,"column":18}},"36":{"start":{"line":105,"column":2},"end":{"line":111,"column":3}},"37":{"start":{"line":106,"column":3},"end":{"line":106,"column":64}},"38":{"start":{"line":107,"column":3},"end":{"line":107,"column":28}},"39":{"start":{"line":110,"column":3},"end":{"line":110,"column":50}},"40":{"start":{"line":119,"column":2},"end":{"line":119,"column":20}},"41":{"start":{"line":120,"column":2},"end":{"line":144,"column":5}},"42":{"start":{"line":121,"column":3},"end":{"line":143,"column":7}},"43":{"start":{"line":123,"column":5},"end":{"line":123,"column":18}},"44":{"start":{"line":124,"column":5},"end":{"line":124,"column":37}},"45":{"start":{"line":125,"column":5},"end":{"line":128,"column":8}},"46":{"start":{"line":126,"column":6},"end":{"line":126,"column":61}},"47":{"start":{"line":127,"column":6},"end":{"line":127,"column":83}},"48":{"start":{"line":129,"column":5},"end":{"line":132,"column":8}},"49":{"start":{"line":130,"column":6},"end":{"line":130,"column":43}},"50":{"start":{"line":131,"column":6},"end":{"line":131,"column":73}},"51":{"start":{"line":133,"column":5},"end":{"line":133,"column":26}},"52":{"start":{"line":137,"column":5},"end":{"line":137,"column":60}},"53":{"start":{"line":138,"column":5},"end":{"line":142,"column":10}},"54":{"start":{"line":152,"column":2},"end":{"line":152,"column":20}},"55":{"start":{"line":153,"column":2},"end":{"line":196,"column":5}},"56":{"start":{"line":154,"column":3},"end":{"line":195,"column":7}},"57":{"start":{"line":156,"column":5},"end":{"line":156,"column":77}},"58":{"start":{"line":158,"column":5},"end":{"line":158,"column":22}},"59":{"start":{"line":159,"column":5},"end":{"line":159,"column":30}},"60":{"start":{"line":161,"column":5},"end":{"line":163,"column":8}},"61":{"start":{"line":162,"column":6},"end":{"line":162,"column":49}},"62":{"start":{"line":166,"column":5},"end":{"line":170,"column":8}},"63":{"start":{"line":167,"column":6},"end":{"line":167,"column":67}},"64":{"start":{"line":168,"column":6},"end":{"line":168,"column":30}},"65":{"start":{"line":169,"column":6},"end":{"line":169,"column":29}},"66":{"start":{"line":174,"column":5},"end":{"line":181,"column":8}},"67":{"start":{"line":175,"column":6},"end":{"line":175,"column":43}},"68":{"start":{"line":176,"column":6},"end":{"line":176,"column":62}},"69":{"start":{"line":179,"column":6},"end":{"line":179,"column":31}},"70":{"start":{"line":180,"column":6},"end":{"line":180,"column":46}},"71":{"start":{"line":183,"column":5},"end":{"line":183,"column":33}},"72":{"start":{"line":186,"column":5},"end":{"line":186,"column":28}},"73":{"start":{"line":189,"column":5},"end":{"line":189,"column":63}},"74":{"start":{"line":190,"column":5},"end":{"line":194,"column":10}},"75":{"start":{"line":208,"column":2},"end":{"line":208,"column":20}},"76":{"start":{"line":209,"column":2},"end":{"line":209,"column":23}},"77":{"start":{"line":210,"column":2},"end":{"line":210,"column":13}},"78":{"start":{"line":211,"column":2},"end":{"line":211,"column":13}},"79":{"start":{"line":212,"column":2},"end":{"line":212,"column":13}},"80":{"start":{"line":220,"column":2},"end":{"line":220,"column":20}},"81":{"start":{"line":222,"column":2},"end":{"line":222,"column":30}},"82":{"start":{"line":224,"column":2},"end":{"line":232,"column":3}},"83":{"start":{"line":225,"column":3},"end":{"line":228,"column":4}},"84":{"start":{"line":226,"column":4},"end":{"line":226,"column":43}},"85":{"start":{"line":227,"column":4},"end":{"line":227,"column":27}},"86":{"start":{"line":231,"column":3},"end":{"line":231,"column":80}},"87":{"start":{"line":234,"column":2},"end":{"line":234,"column":84}},"88":{"start":{"line":236,"column":2},"end":{"line":260,"column":28}},"89":{"start":{"line":238,"column":3},"end":{"line":238,"column":50}},"90":{"start":{"line":240,"column":3},"end":{"line":259,"column":7}},"91":{"start":{"line":244,"column":5},"end":{"line":244,"column":20}},"92":{"start":{"line":246,"column":5},"end":{"line":248,"column":6}},"93":{"start":{"line":247,"column":6},"end":{"line":247,"column":55}},"94":{"start":{"line":249,"column":5},"end":{"line":249,"column":17}},"95":{"start":{"line":253,"column":5},"end":{"line":253,"column":48}},"96":{"start":{"line":254,"column":5},"end":{"line":256,"column":6}},"97":{"start":{"line":255,"column":6},"end":{"line":255,"column":27}},"98":{"start":{"line":258,"column":5},"end":{"line":258,"column":28}},"99":{"start":{"line":272,"column":2},"end":{"line":272,"column":20}},"100":{"start":{"line":273,"column":2},"end":{"line":309,"column":5}},"101":{"start":{"line":274,"column":3},"end":{"line":274,"column":10}},"102":{"start":{"line":275,"column":3},"end":{"line":275,"column":113}},"103":{"start":{"line":278,"column":3},"end":{"line":284,"column":4}},"104":{"start":{"line":279,"column":4},"end":{"line":283,"column":8}},"105":{"start":{"line":286,"column":3},"end":{"line":288,"column":4}},"106":{"start":{"line":287,"column":4},"end":{"line":287,"column":25}},"107":{"start":{"line":290,"column":3},"end":{"line":290,"column":135}},"108":{"start":{"line":292,"column":3},"end":{"line":292,"column":53}},"109":{"start":{"line":294,"column":3},"end":{"line":308,"column":7}},"110":{"start":{"line":295,"column":4},"end":{"line":295,"column":71}},"111":{"start":{"line":296,"column":4},"end":{"line":296,"column":54}},"112":{"start":{"line":297,"column":4},"end":{"line":297,"column":24}},"113":{"start":{"line":300,"column":5},"end":{"line":300,"column":149}},"114":{"start":{"line":302,"column":5},"end":{"line":302,"column":28}},"115":{"start":{"line":303,"column":5},"end":{"line":307,"column":10}},"116":{"start":{"line":320,"column":2},"end":{"line":320,"column":20}},"117":{"start":{"line":321,"column":2},"end":{"line":420,"column":5}},"118":{"start":{"line":322,"column":3},"end":{"line":322,"column":28}},"119":{"start":{"line":323,"column":3},"end":{"line":323,"column":68}},"120":{"start":{"line":324,"column":3},"end":{"line":324,"column":75}},"121":{"start":{"line":325,"column":3},"end":{"line":327,"column":12}},"122":{"start":{"line":329,"column":3},"end":{"line":329,"column":48}},"123":{"start":{"line":331,"column":3},"end":{"line":333,"column":4}},"124":{"start":{"line":332,"column":4},"end":{"line":332,"column":38}},"125":{"start":{"line":334,"column":3},"end":{"line":334,"column":29}},"126":{"start":{"line":335,"column":3},"end":{"line":335,"column":30}},"127":{"start":{"line":338,"column":3},"end":{"line":344,"column":4}},"128":{"start":{"line":339,"column":4},"end":{"line":343,"column":8}},"129":{"start":{"line":346,"column":3},"end":{"line":348,"column":4}},"130":{"start":{"line":347,"column":4},"end":{"line":347,"column":25}},"131":{"start":{"line":350,"column":3},"end":{"line":419,"column":7}},"132":{"start":{"line":367,"column":5},"end":{"line":367,"column":57}},"133":{"start":{"line":374,"column":5},"end":{"line":374,"column":107}},"134":{"start":{"line":376,"column":5},"end":{"line":400,"column":6}},"135":{"start":{"line":377,"column":6},"end":{"line":399,"column":7}},"136":{"start":{"line":379,"column":7},"end":{"line":390,"column":26}},"137":{"start":{"line":381,"column":8},"end":{"line":389,"column":9}},"138":{"start":{"line":382,"column":9},"end":{"line":388,"column":13}},"139":{"start":{"line":384,"column":11},"end":{"line":384,"column":137}},"140":{"start":{"line":387,"column":11},"end":{"line":387,"column":117}},"141":{"start":{"line":391,"column":7},"end":{"line":391,"column":58}},"142":{"start":{"line":393,"column":7},"end":{"line":397,"column":8}},"143":{"start":{"line":394,"column":8},"end":{"line":394,"column":47}},"144":{"start":{"line":395,"column":8},"end":{"line":395,"column":29}},"145":{"start":{"line":396,"column":8},"end":{"line":396,"column":31}},"146":{"start":{"line":398,"column":7},"end":{"line":398,"column":37}},"147":{"start":{"line":401,"column":5},"end":{"line":408,"column":8}},"148":{"start":{"line":402,"column":6},"end":{"line":402,"column":28}},"149":{"start":{"line":403,"column":6},"end":{"line":403,"column":43}},"150":{"start":{"line":404,"column":6},"end":{"line":407,"column":10}},"151":{"start":{"line":406,"column":8},"end":{"line":406,"column":21}},"152":{"start":{"line":411,"column":5},"end":{"line":411,"column":147}},"153":{"start":{"line":413,"column":5},"end":{"line":413,"column":28}},"154":{"start":{"line":414,"column":5},"end":{"line":418,"column":10}},"155":{"start":{"line":431,"column":2},"end":{"line":431,"column":20}},"156":{"start":{"line":432,"column":2},"end":{"line":534,"column":5}},"157":{"start":{"line":433,"column":3},"end":{"line":433,"column":10}},"158":{"start":{"line":435,"column":3},"end":{"line":435,"column":66}},"159":{"start":{"line":437,"column":3},"end":{"line":442,"column":7}},"160":{"start":{"line":444,"column":3},"end":{"line":450,"column":4}},"161":{"start":{"line":445,"column":4},"end":{"line":449,"column":8}},"162":{"start":{"line":452,"column":3},"end":{"line":454,"column":4}},"163":{"start":{"line":453,"column":4},"end":{"line":453,"column":25}},"164":{"start":{"line":456,"column":3},"end":{"line":456,"column":135}},"165":{"start":{"line":458,"column":3},"end":{"line":458,"column":53}},"166":{"start":{"line":460,"column":3},"end":{"line":533,"column":7}},"167":{"start":{"line":462,"column":4},"end":{"line":462,"column":56}},"168":{"start":{"line":464,"column":4},"end":{"line":517,"column":5}},"169":{"start":{"line":465,"column":5},"end":{"line":465,"column":21}},"170":{"start":{"line":466,"column":5},"end":{"line":466,"column":76}},"171":{"start":{"line":469,"column":5},"end":{"line":516,"column":6}},"172":{"start":{"line":470,"column":6},"end":{"line":470,"column":22}},"173":{"start":{"line":473,"column":6},"end":{"line":502,"column":7}},"174":{"start":{"line":474,"column":7},"end":{"line":481,"column":8}},"175":{"start":{"line":475,"column":8},"end":{"line":475,"column":65}},"176":{"start":{"line":476,"column":8},"end":{"line":476,"column":42}},"177":{"start":{"line":479,"column":8},"end":{"line":479,"column":35}},"178":{"start":{"line":480,"column":8},"end":{"line":480,"column":88}},"179":{"start":{"line":482,"column":7},"end":{"line":494,"column":9}},"180":{"start":{"line":495,"column":7},"end":{"line":495,"column":64}},"181":{"start":{"line":497,"column":7},"end":{"line":499,"column":8}},"182":{"start":{"line":498,"column":8},"end":{"line":498,"column":96}},"183":{"start":{"line":501,"column":7},"end":{"line":501,"column":36}},"184":{"start":{"line":504,"column":6},"end":{"line":506,"column":7}},"185":{"start":{"line":505,"column":7},"end":{"line":505,"column":145}},"186":{"start":{"line":508,"column":6},"end":{"line":515,"column":7}},"187":{"start":{"line":509,"column":7},"end":{"line":509,"column":32}},"188":{"start":{"line":510,"column":7},"end":{"line":510,"column":24}},"189":{"start":{"line":513,"column":7},"end":{"line":513,"column":83}},"190":{"start":{"line":518,"column":4},"end":{"line":518,"column":65}},"191":{"start":{"line":521,"column":5},"end":{"line":521,"column":42}},"192":{"start":{"line":524,"column":5},"end":{"line":524,"column":70}},"193":{"start":{"line":525,"column":5},"end":{"line":525,"column":153}},"194":{"start":{"line":527,"column":5},"end":{"line":527,"column":28}},"195":{"start":{"line":528,"column":5},"end":{"line":532,"column":10}},"196":{"start":{"line":545,"column":2},"end":{"line":545,"column":20}},"197":{"start":{"line":546,"column":2},"end":{"line":608,"column":5}},"198":{"start":{"line":547,"column":3},"end":{"line":547,"column":45}},"199":{"start":{"line":548,"column":3},"end":{"line":548,"column":75}},"200":{"start":{"line":549,"column":3},"end":{"line":550,"column":7}},"201":{"start":{"line":553,"column":3},"end":{"line":553,"column":68}},"202":{"start":{"line":555,"column":3},"end":{"line":557,"column":4}},"203":{"start":{"line":556,"column":4},"end":{"line":556,"column":25}},"204":{"start":{"line":558,"column":3},"end":{"line":564,"column":4}},"205":{"start":{"line":559,"column":4},"end":{"line":563,"column":8}},"206":{"start":{"line":566,"column":3},"end":{"line":568,"column":4}},"207":{"start":{"line":567,"column":4},"end":{"line":567,"column":25}},"208":{"start":{"line":570,"column":3},"end":{"line":584,"column":4}},"209":{"start":{"line":571,"column":4},"end":{"line":571,"column":14}},"210":{"start":{"line":572,"column":4},"end":{"line":572,"column":55}},"211":{"start":{"line":574,"column":4},"end":{"line":583,"column":23}},"212":{"start":{"line":576,"column":5},"end":{"line":582,"column":9}},"213":{"start":{"line":578,"column":7},"end":{"line":578,"column":133}},"214":{"start":{"line":581,"column":7},"end":{"line":581,"column":113}},"215":{"start":{"line":586,"column":3},"end":{"line":586,"column":135}},"216":{"start":{"line":589,"column":3},"end":{"line":591,"column":6}},"217":{"start":{"line":590,"column":4},"end":{"line":590,"column":166}},"218":{"start":{"line":593,"column":3},"end":{"line":599,"column":6}},"219":{"start":{"line":595,"column":4},"end":{"line":598,"column":8}},"220":{"start":{"line":597,"column":6},"end":{"line":597,"column":19}},"221":{"start":{"line":601,"column":3},"end":{"line":603,"column":6}},"222":{"start":{"line":602,"column":4},"end":{"line":602,"column":69}},"223":{"start":{"line":605,"column":3},"end":{"line":607,"column":6}},"224":{"start":{"line":606,"column":4},"end":{"line":606,"column":41}},"225":{"start":{"line":617,"column":2},"end":{"line":617,"column":20}},"226":{"start":{"line":618,"column":2},"end":{"line":641,"column":5}},"227":{"start":{"line":619,"column":3},"end":{"line":619,"column":10}},"228":{"start":{"line":620,"column":3},"end":{"line":622,"column":4}},"229":{"start":{"line":621,"column":4},"end":{"line":621,"column":81}},"230":{"start":{"line":624,"column":3},"end":{"line":630,"column":4}},"231":{"start":{"line":625,"column":4},"end":{"line":629,"column":8}},"232":{"start":{"line":632,"column":3},"end":{"line":634,"column":4}},"233":{"start":{"line":633,"column":4},"end":{"line":633,"column":25}},"234":{"start":{"line":635,"column":3},"end":{"line":635,"column":135}},"235":{"start":{"line":636,"column":3},"end":{"line":640,"column":6}},"236":{"start":{"line":637,"column":4},"end":{"line":637,"column":152}},"237":{"start":{"line":638,"column":4},"end":{"line":638,"column":82}},"238":{"start":{"line":639,"column":4},"end":{"line":639,"column":24}},"239":{"start":{"line":650,"column":2},"end":{"line":650,"column":20}},"240":{"start":{"line":651,"column":2},"end":{"line":688,"column":5}},"241":{"start":{"line":652,"column":3},"end":{"line":652,"column":28}},"242":{"start":{"line":653,"column":3},"end":{"line":653,"column":28}},"243":{"start":{"line":655,"column":3},"end":{"line":661,"column":4}},"244":{"start":{"line":656,"column":4},"end":{"line":660,"column":8}},"245":{"start":{"line":664,"column":3},"end":{"line":670,"column":4}},"246":{"start":{"line":665,"column":4},"end":{"line":669,"column":8}},"247":{"start":{"line":672,"column":3},"end":{"line":687,"column":7}},"248":{"start":{"line":677,"column":5},"end":{"line":677,"column":23}},"249":{"start":{"line":678,"column":5},"end":{"line":678,"column":26}},"250":{"start":{"line":681,"column":5},"end":{"line":681,"column":24}},"251":{"start":{"line":682,"column":5},"end":{"line":686,"column":10}},"252":{"start":{"line":731,"column":0},"end":{"line":733,"column":2}}},"branchMap":{"1":{"line":24,"type":"binary-expr","locations":[{"start":{"line":24,"column":12},"end":{"line":24,"column":19}},{"start":{"line":24,"column":23},"end":{"line":24,"column":25}}]},"2":{"line":27,"type":"cond-expr","locations":[{"start":{"line":27,"column":29},"end":{"line":27,"column":40}},{"start":{"line":27,"column":43},"end":{"line":27,"column":48}}]},"3":{"line":28,"type":"cond-expr","locations":[{"start":{"line":28,"column":39},"end":{"line":28,"column":55}},{"start":{"line":28,"column":58},"end":{"line":28,"column":60}}]},"4":{"line":29,"type":"cond-expr","locations":[{"start":{"line":29,"column":39},"end":{"line":29,"column":56}},{"start":{"line":29,"column":59},"end":{"line":29,"column":61}}]},"5":{"line":30,"type":"binary-expr","locations":[{"start":{"line":30,"column":26},"end":{"line":30,"column":50}},{"start":{"line":30,"column":54},"end":{"line":30,"column":59}}]},"6":{"line":31,"type":"binary-expr","locations":[{"start":{"line":31,"column":15},"end":{"line":31,"column":28}},{"start":{"line":31,"column":32},"end":{"line":31,"column":37}}]},"7":{"line":33,"type":"cond-expr","locations":[{"start":{"line":33,"column":39},"end":{"line":33,"column":55}},{"start":{"line":33,"column":58},"end":{"line":33,"column":60}}]},"8":{"line":34,"type":"cond-expr","locations":[{"start":{"line":34,"column":45},"end":{"line":34,"column":64}},{"start":{"line":34,"column":67},"end":{"line":34,"column":72}}]},"9":{"line":35,"type":"cond-expr","locations":[{"start":{"line":35,"column":39},"end":{"line":35,"column":55}},{"start":{"line":35,"column":58},"end":{"line":35,"column":63}}]},"10":{"line":36,"type":"cond-expr","locations":[{"start":{"line":36,"column":47},"end":{"line":36,"column":67}},{"start":{"line":36,"column":70},"end":{"line":36,"column":72}}]},"11":{"line":37,"type":"cond-expr","locations":[{"start":{"line":37,"column":33},"end":{"line":37,"column":46}},{"start":{"line":37,"column":49},"end":{"line":37,"column":54}}]},"12":{"line":43,"type":"cond-expr","locations":[{"start":{"line":44,"column":5},"end":{"line":49,"column":4}},{"start":{"line":49,"column":7},"end":{"line":49,"column":16}}]},"13":{"line":45,"type":"cond-expr","locations":[{"start":{"line":45,"column":56},"end":{"line":45,"column":97}},{"start":{"line":45,"column":100},"end":{"line":45,"column":105}}]},"14":{"line":46,"type":"cond-expr","locations":[{"start":{"line":46,"column":54},"end":{"line":46,"column":94}},{"start":{"line":46,"column":97},"end":{"line":46,"column":102}}]},"15":{"line":47,"type":"cond-expr","locations":[{"start":{"line":47,"column":53},"end":{"line":47,"column":85}},{"start":{"line":47,"column":88},"end":{"line":47,"column":93}}]},"16":{"line":48,"type":"cond-expr","locations":[{"start":{"line":48,"column":49},"end":{"line":48,"column":87}},{"start":{"line":48,"column":90},"end":{"line":48,"column":92}}]},"17":{"line":82,"type":"binary-expr","locations":[{"start":{"line":82,"column":18},"end":{"line":82,"column":31}},{"start":{"line":82,"column":35},"end":{"line":82,"column":37}}]},"18":{"line":84,"type":"if","locations":[{"start":{"line":84,"column":2},"end":{"line":84,"column":2}},{"start":{"line":84,"column":2},"end":{"line":84,"column":2}}]},"19":{"line":84,"type":"binary-expr","locations":[{"start":{"line":84,"column":6},"end":{"line":84,"column":19}},{"start":{"line":84,"column":23},"end":{"line":84,"column":50}}]},"20":{"line":88,"type":"if","locations":[{"start":{"line":88,"column":2},"end":{"line":88,"column":2}},{"start":{"line":88,"column":2},"end":{"line":88,"column":2}}]},"21":{"line":101,"type":"if","locations":[{"start":{"line":101,"column":2},"end":{"line":101,"column":2}},{"start":{"line":101,"column":2},"end":{"line":101,"column":2}}]},"22":{"line":126,"type":"binary-expr","locations":[{"start":{"line":126,"column":12},"end":{"line":126,"column":15}},{"start":{"line":126,"column":19},"end":{"line":126,"column":60}}]},"23":{"line":130,"type":"binary-expr","locations":[{"start":{"line":130,"column":12},"end":{"line":130,"column":15}},{"start":{"line":130,"column":19},"end":{"line":130,"column":42}}]},"24":{"line":175,"type":"binary-expr","locations":[{"start":{"line":175,"column":12},"end":{"line":175,"column":15}},{"start":{"line":175,"column":19},"end":{"line":175,"column":42}}]},"25":{"line":225,"type":"if","locations":[{"start":{"line":225,"column":3},"end":{"line":225,"column":3}},{"start":{"line":225,"column":3},"end":{"line":225,"column":3}}]},"26":{"line":246,"type":"if","locations":[{"start":{"line":246,"column":5},"end":{"line":246,"column":5}},{"start":{"line":246,"column":5},"end":{"line":246,"column":5}}]},"27":{"line":246,"type":"binary-expr","locations":[{"start":{"line":246,"column":9},"end":{"line":246,"column":33}},{"start":{"line":246,"column":37},"end":{"line":246,"column":64}}]},"28":{"line":254,"type":"if","locations":[{"start":{"line":254,"column":5},"end":{"line":254,"column":5}},{"start":{"line":254,"column":5},"end":{"line":254,"column":5}}]},"29":{"line":278,"type":"if","locations":[{"start":{"line":278,"column":3},"end":{"line":278,"column":3}},{"start":{"line":278,"column":3},"end":{"line":278,"column":3}}]},"30":{"line":286,"type":"if","locations":[{"start":{"line":286,"column":3},"end":{"line":286,"column":3}},{"start":{"line":286,"column":3},"end":{"line":286,"column":3}}]},"31":{"line":290,"type":"cond-expr","locations":[{"start":{"line":290,"column":52},"end":{"line":290,"column":68}},{"start":{"line":290,"column":71},"end":{"line":290,"column":76}}]},"32":{"line":290,"type":"cond-expr","locations":[{"start":{"line":290,"column":98},"end":{"line":290,"column":113}},{"start":{"line":290,"column":116},"end":{"line":290,"column":124}}]},"33":{"line":324,"type":"cond-expr","locations":[{"start":{"line":324,"column":49},"end":{"line":324,"column":67}},{"start":{"line":324,"column":70},"end":{"line":324,"column":74}}]},"34":{"line":331,"type":"if","locations":[{"start":{"line":331,"column":3},"end":{"line":331,"column":3}},{"start":{"line":331,"column":3},"end":{"line":331,"column":3}}]},"35":{"line":338,"type":"if","locations":[{"start":{"line":338,"column":3},"end":{"line":338,"column":3}},{"start":{"line":338,"column":3},"end":{"line":338,"column":3}}]},"36":{"line":346,"type":"if","locations":[{"start":{"line":346,"column":3},"end":{"line":346,"column":3}},{"start":{"line":346,"column":3},"end":{"line":346,"column":3}}]},"37":{"line":351,"type":"binary-expr","locations":[{"start":{"line":351,"column":15},"end":{"line":351,"column":32}},{"start":{"line":351,"column":36},"end":{"line":351,"column":41}}]},"38":{"line":352,"type":"binary-expr","locations":[{"start":{"line":352,"column":13},"end":{"line":352,"column":28}},{"start":{"line":352,"column":32},"end":{"line":352,"column":37}}]},"39":{"line":353,"type":"binary-expr","locations":[{"start":{"line":353,"column":16},"end":{"line":353,"column":34}},{"start":{"line":353,"column":38},"end":{"line":353,"column":42}}]},"40":{"line":377,"type":"if","locations":[{"start":{"line":377,"column":6},"end":{"line":377,"column":6}},{"start":{"line":377,"column":6},"end":{"line":377,"column":6}}]},"41":{"line":381,"type":"if","locations":[{"start":{"line":381,"column":8},"end":{"line":381,"column":8}},{"start":{"line":381,"column":8},"end":{"line":381,"column":8}}]},"42":{"line":393,"type":"if","locations":[{"start":{"line":393,"column":7},"end":{"line":393,"column":7}},{"start":{"line":393,"column":7},"end":{"line":393,"column":7}}]},"43":{"line":438,"type":"binary-expr","locations":[{"start":{"line":438,"column":13},"end":{"line":438,"column":28}},{"start":{"line":438,"column":32},"end":{"line":438,"column":36}}]},"44":{"line":439,"type":"binary-expr","locations":[{"start":{"line":439,"column":16},"end":{"line":439,"column":34}},{"start":{"line":439,"column":38},"end":{"line":439,"column":43}}]},"45":{"line":440,"type":"binary-expr","locations":[{"start":{"line":440,"column":11},"end":{"line":440,"column":24}},{"start":{"line":440,"column":28},"end":{"line":440,"column":38}}]},"46":{"line":441,"type":"binary-expr","locations":[{"start":{"line":441,"column":13},"end":{"line":441,"column":28}},{"start":{"line":441,"column":32},"end":{"line":441,"column":36}}]},"47":{"line":444,"type":"if","locations":[{"start":{"line":444,"column":3},"end":{"line":444,"column":3}},{"start":{"line":444,"column":3},"end":{"line":444,"column":3}}]},"48":{"line":452,"type":"if","locations":[{"start":{"line":452,"column":3},"end":{"line":452,"column":3}},{"start":{"line":452,"column":3},"end":{"line":452,"column":3}}]},"49":{"line":456,"type":"cond-expr","locations":[{"start":{"line":456,"column":52},"end":{"line":456,"column":68}},{"start":{"line":456,"column":71},"end":{"line":456,"column":76}}]},"50":{"line":456,"type":"cond-expr","locations":[{"start":{"line":456,"column":98},"end":{"line":456,"column":113}},{"start":{"line":456,"column":116},"end":{"line":456,"column":124}}]},"51":{"line":473,"type":"if","locations":[{"start":{"line":473,"column":6},"end":{"line":473,"column":6}},{"start":{"line":473,"column":6},"end":{"line":473,"column":6}}]},"52":{"line":474,"type":"if","locations":[{"start":{"line":474,"column":7},"end":{"line":474,"column":7}},{"start":{"line":474,"column":7},"end":{"line":474,"column":7}}]},"53":{"line":474,"type":"binary-expr","locations":[{"start":{"line":474,"column":46},"end":{"line":474,"column":76}},{"start":{"line":474,"column":80},"end":{"line":474,"column":81}}]},"54":{"line":485,"type":"binary-expr","locations":[{"start":{"line":485,"column":14},"end":{"line":485,"column":30}},{"start":{"line":485,"column":34},"end":{"line":485,"column":38}}]},"55":{"line":486,"type":"binary-expr","locations":[{"start":{"line":486,"column":21},"end":{"line":486,"column":44}},{"start":{"line":486,"column":48},"end":{"line":486,"column":52}}]},"56":{"line":487,"type":"binary-expr","locations":[{"start":{"line":487,"column":16},"end":{"line":487,"column":34}},{"start":{"line":487,"column":38},"end":{"line":487,"column":42}}]},"57":{"line":492,"type":"binary-expr","locations":[{"start":{"line":492,"column":30},"end":{"line":492,"column":43}},{"start":{"line":492,"column":47},"end":{"line":492,"column":51}}]},"58":{"line":497,"type":"if","locations":[{"start":{"line":497,"column":7},"end":{"line":497,"column":7}},{"start":{"line":497,"column":7},"end":{"line":497,"column":7}}]},"59":{"line":501,"type":"binary-expr","locations":[{"start":{"line":501,"column":16},"end":{"line":501,"column":29}},{"start":{"line":501,"column":33},"end":{"line":501,"column":35}}]},"60":{"line":504,"type":"if","locations":[{"start":{"line":504,"column":6},"end":{"line":504,"column":6}},{"start":{"line":504,"column":6},"end":{"line":504,"column":6}}]},"61":{"line":548,"type":"cond-expr","locations":[{"start":{"line":548,"column":49},"end":{"line":548,"column":67}},{"start":{"line":548,"column":70},"end":{"line":548,"column":74}}]},"62":{"line":555,"type":"if","locations":[{"start":{"line":555,"column":3},"end":{"line":555,"column":3}},{"start":{"line":555,"column":3},"end":{"line":555,"column":3}}]},"63":{"line":558,"type":"if","locations":[{"start":{"line":558,"column":3},"end":{"line":558,"column":3}},{"start":{"line":558,"column":3},"end":{"line":558,"column":3}}]},"64":{"line":566,"type":"if","locations":[{"start":{"line":566,"column":3},"end":{"line":566,"column":3}},{"start":{"line":566,"column":3},"end":{"line":566,"column":3}}]},"65":{"line":586,"type":"cond-expr","locations":[{"start":{"line":586,"column":52},"end":{"line":586,"column":68}},{"start":{"line":586,"column":71},"end":{"line":586,"column":76}}]},"66":{"line":586,"type":"cond-expr","locations":[{"start":{"line":586,"column":98},"end":{"line":586,"column":113}},{"start":{"line":586,"column":116},"end":{"line":586,"column":124}}]},"67":{"line":590,"type":"cond-expr","locations":[{"start":{"line":590,"column":133},"end":{"line":590,"column":151}},{"start":{"line":590,"column":154},"end":{"line":590,"column":162}}]},"68":{"line":595,"type":"cond-expr","locations":[{"start":{"line":595,"column":57},"end":{"line":595,"column":73}},{"start":{"line":595,"column":76},"end":{"line":595,"column":81}}]},"69":{"line":620,"type":"if","locations":[{"start":{"line":620,"column":3},"end":{"line":620,"column":3}},{"start":{"line":620,"column":3},"end":{"line":620,"column":3}}]},"70":{"line":624,"type":"if","locations":[{"start":{"line":624,"column":3},"end":{"line":624,"column":3}},{"start":{"line":624,"column":3},"end":{"line":624,"column":3}}]},"71":{"line":632,"type":"if","locations":[{"start":{"line":632,"column":3},"end":{"line":632,"column":3}},{"start":{"line":632,"column":3},"end":{"line":632,"column":3}}]},"72":{"line":635,"type":"cond-expr","locations":[{"start":{"line":635,"column":52},"end":{"line":635,"column":68}},{"start":{"line":635,"column":71},"end":{"line":635,"column":76}}]},"73":{"line":635,"type":"cond-expr","locations":[{"start":{"line":635,"column":98},"end":{"line":635,"column":113}},{"start":{"line":635,"column":116},"end":{"line":635,"column":124}}]},"74":{"line":637,"type":"cond-expr","locations":[{"start":{"line":637,"column":41},"end":{"line":637,"column":57}},{"start":{"line":637,"column":60},"end":{"line":637,"column":65}}]},"75":{"line":637,"type":"cond-expr","locations":[{"start":{"line":637,"column":90},"end":{"line":637,"column":108}},{"start":{"line":637,"column":111},"end":{"line":637,"column":119}}]},"76":{"line":652,"type":"binary-expr","locations":[{"start":{"line":652,"column":12},"end":{"line":652,"column":18}},{"start":{"line":652,"column":22},"end":{"line":652,"column":27}}]},"77":{"line":653,"type":"binary-expr","locations":[{"start":{"line":653,"column":12},"end":{"line":653,"column":18}},{"start":{"line":653,"column":22},"end":{"line":653,"column":27}}]},"78":{"line":655,"type":"if","locations":[{"start":{"line":655,"column":3},"end":{"line":655,"column":3}},{"start":{"line":655,"column":3},"end":{"line":655,"column":3}}]},"79":{"line":664,"type":"if","locations":[{"start":{"line":664,"column":3},"end":{"line":664,"column":3}},{"start":{"line":664,"column":3},"end":{"line":664,"column":3}}]},"80":{"line":673,"type":"binary-expr","locations":[{"start":{"line":673,"column":14},"end":{"line":673,"column":30}},{"start":{"line":673,"column":34},"end":{"line":673,"column":46}}]},"81":{"line":674,"type":"binary-expr","locations":[{"start":{"line":674,"column":13},"end":{"line":674,"column":28}},{"start":{"line":674,"column":32},"end":{"line":674,"column":40}}]}}}}